{"uid":"cb7be08b4746e8f9","name":"setUp","fullName":"org.mytests.tests.TestsInit.setUp","historyId":"8ba00e4784905a40d4008a5c023e4eca","time":{"start":1691806589336,"stop":1691806589338,"duration":2},"status":"broken","statusMessage":"\nCan't get WebDriver: chrome","statusTrace":"java.lang.RuntimeException: \nCan't get WebDriver: chrome\n\tat com.epam.jdi.light.common.Exceptions.exception(Exceptions.java:35)\n\tat com.epam.jdi.light.driver.WebDriverFactory.getDriver(WebDriverFactory.java:216)\n\tat com.epam.jdi.light.elements.common.WindowsManager.setWindowName(WindowsManager.java:87)\n\tat com.epam.jdi.light.elements.common.WindowsManager.openSiteTab(WindowsManager.java:51)\n\tat com.epam.jdi.light.elements.composite.WebPage.openSite(WebPage.java:153)\n\tat org.mytests.tests.TestsInit.setUp(TestsInit.java:17)\n\tat java.base/jdk.internal.reflect.NativeMethodAccessorImpl.invoke0(Native Method)\n\tat java.base/jdk.internal.reflect.NativeMethodAccessorImpl.invoke(NativeMethodAccessorImpl.java:64)\n\tat java.base/jdk.internal.reflect.DelegatingMethodAccessorImpl.invoke(DelegatingMethodAccessorImpl.java:43)\n\tat java.base/java.lang.reflect.Method.invoke(Method.java:564)\n\tat org.testng.internal.invokers.MethodInvocationHelper.invokeMethod(MethodInvocationHelper.java:136)\n\tat org.testng.internal.invokers.MethodInvocationHelper.invokeMethodConsideringTimeout(MethodInvocationHelper.java:65)\n\tat org.testng.internal.invokers.ConfigInvoker.invokeConfigurationMethod(ConfigInvoker.java:381)\n\tat org.testng.internal.invokers.ConfigInvoker.invokeConfigurations(ConfigInvoker.java:319)\n\tat org.testng.SuiteRunner.privateRun(SuiteRunner.java:368)\n\tat org.testng.SuiteRunner.run(SuiteRunner.java:326)\n\tat org.testng.SuiteRunnerWorker.runSuite(SuiteRunnerWorker.java:52)\n\tat org.testng.SuiteRunnerWorker.run(SuiteRunnerWorker.java:95)\n\tat org.testng.TestNG.runSuitesSequentially(TestNG.java:1249)\n\tat org.testng.TestNG.runSuitesLocally(TestNG.java:1169)\n\tat org.testng.TestNG.runSuites(TestNG.java:1092)\n\tat org.testng.TestNG.run(TestNG.java:1060)\n\tat org.gradle.api.internal.tasks.testing.testng.TestNGTestClassProcessor.runTests(TestNGTestClassProcessor.java:146)\n\tat org.gradle.api.internal.tasks.testing.testng.TestNGTestClassProcessor.stop(TestNGTestClassProcessor.java:91)\n\tat org.gradle.api.internal.tasks.testing.SuiteTestClassProcessor.stop(SuiteTestClassProcessor.java:62)\n\tat java.base/jdk.internal.reflect.NativeMethodAccessorImpl.invoke0(Native Method)\n\tat java.base/jdk.internal.reflect.NativeMethodAccessorImpl.invoke(NativeMethodAccessorImpl.java:64)\n\tat java.base/jdk.internal.reflect.DelegatingMethodAccessorImpl.invoke(DelegatingMethodAccessorImpl.java:43)\n\tat java.base/java.lang.reflect.Method.invoke(Method.java:564)\n\tat org.gradle.internal.dispatch.ReflectionDispatch.dispatch(ReflectionDispatch.java:36)\n\tat org.gradle.internal.dispatch.ReflectionDispatch.dispatch(ReflectionDispatch.java:24)\n\tat org.gradle.internal.dispatch.ContextClassLoaderDispatch.dispatch(ContextClassLoaderDispatch.java:33)\n\tat org.gradle.internal.dispatch.ProxyDispatchAdapter$DispatchingInvocationHandler.invoke(ProxyDispatchAdapter.java:94)\n\tat com.sun.proxy.$Proxy2.stop(Unknown Source)\n\tat org.gradle.api.internal.tasks.testing.worker.TestWorker$3.run(TestWorker.java:193)\n\tat org.gradle.api.internal.tasks.testing.worker.TestWorker.executeAndMaintainThreadName(TestWorker.java:129)\n\tat org.gradle.api.internal.tasks.testing.worker.TestWorker.execute(TestWorker.java:100)\n\tat org.gradle.api.internal.tasks.testing.worker.TestWorker.execute(TestWorker.java:60)\n\tat org.gradle.process.internal.worker.child.ActionExecutionWorker.execute(ActionExecutionWorker.java:56)\n\tat org.gradle.process.internal.worker.child.SystemApplicationClassLoaderWorker.call(SystemApplicationClassLoaderWorker.java:113)\n\tat org.gradle.process.internal.worker.child.SystemApplicationClassLoaderWorker.call(SystemApplicationClassLoaderWorker.java:65)\n\tat worker.org.gradle.process.internal.worker.GradleWorkerMain.run(GradleWorkerMain.java:69)\n\tat worker.org.gradle.process.internal.worker.GradleWorkerMain.main(GradleWorkerMain.java:74)\nCaused by: java.lang.RuntimeException: \nCan't get WebDriver: chrome\n\tat com.epam.jdi.light.common.Exceptions.exception(Exceptions.java:35)\n\tat com.epam.jdi.light.driver.WebDriverFactory.getDriver(WebDriverFactory.java:224)\n\tat com.epam.jdi.light.driver.WebDriverFactory.getDriver(WebDriverFactory.java:214)\n\t... 41 more\nCaused by: java.lang.RuntimeException: java.lang.RuntimeException: \nFailed to run downloaded driver CHROME:X64:113. Please check that your browser and driver are compatible or use local driver with 'drivers.folder' property in test.properties'.\nDriverPath: /home/runner/.cache/selenium/chromedriver/linux64/113.0.5672.63/chromedriver\n\tat com.jdiai.tools.func.JFunc1.execute(JFunc1.java:21)\n\tat com.epam.jdi.light.driver.WebDriverFactory.getDriver(WebDriverFactory.java:222)\n\t... 42 more\nCaused by: java.lang.RuntimeException: \nFailed to run downloaded driver CHROME:X64:113. Please check that your browser and driver are compatible or use local driver with 'drivers.folder' property in test.properties'.\nDriverPath: /home/runner/.cache/selenium/chromedriver/linux64/113.0.5672.63/chromedriver\n\tat com.epam.jdi.light.common.Exceptions.exception(Exceptions.java:35)\n\tat com.epam.jdi.light.driver.WebDriverFactory.getDriverException(WebDriverFactory.java:143)\n\tat com.epam.jdi.light.driver.WebDriverFactory.getDriverByName(WebDriverFactory.java:127)\n\tat com.jdiai.tools.func.JFunc1.execute(JFunc1.java:19)\n\t... 43 more\nCaused by: java.lang.RuntimeException: \nCan't run and register new driver 'chrome'\n\tat com.epam.jdi.light.common.Exceptions.exception(Exceptions.java:35)\n\tat com.epam.jdi.light.driver.WebDriverFactory.registerNewDriver(WebDriverFactory.java:90)\n\tat com.epam.jdi.light.driver.WebDriverFactory.getDriverFromName(WebDriverFactory.java:158)\n\tat com.epam.jdi.light.driver.WebDriverFactory.getDriverByName(WebDriverFactory.java:125)\n\t... 44 more\nCaused by: java.lang.RuntimeException: \nFailed to get valid driver 'chrome'\n\tat com.epam.jdi.light.common.Exceptions.runtimeException(Exceptions.java:17)\n\tat com.epam.jdi.light.driver.WebDriverFactory.getValidDriver(WebDriverFactory.java:113)\n\tat com.epam.jdi.light.driver.WebDriverFactory.registerNewDriver(WebDriverFactory.java:85)\n\t... 46 more\n","flaky":false,"newFailed":false,"newBroken":false,"newPassed":false,"retriesCount":0,"retriesStatusChange":false,"beforeStages":[{"name":"setUp","time":{"start":1691806586233,"stop":1691806589322,"duration":3089},"description":"","status":"broken","statusMessage":"\nCan't get WebDriver: chrome","statusTrace":"java.lang.RuntimeException: \nCan't get WebDriver: chrome\n\tat com.epam.jdi.light.common.Exceptions.exception(Exceptions.java:35)\n\tat com.epam.jdi.light.driver.WebDriverFactory.getDriver(WebDriverFactory.java:216)\n\tat com.epam.jdi.light.elements.common.WindowsManager.setWindowName(WindowsManager.java:87)\n\tat com.epam.jdi.light.elements.common.WindowsManager.openSiteTab(WindowsManager.java:51)\n\tat com.epam.jdi.light.elements.composite.WebPage.openSite(WebPage.java:153)\n\tat org.mytests.tests.TestsInit.setUp(TestsInit.java:17)\n\tat java.base/jdk.internal.reflect.NativeMethodAccessorImpl.invoke0(Native Method)\n\tat java.base/jdk.internal.reflect.NativeMethodAccessorImpl.invoke(NativeMethodAccessorImpl.java:64)\n\tat java.base/jdk.internal.reflect.DelegatingMethodAccessorImpl.invoke(DelegatingMethodAccessorImpl.java:43)\n\tat java.base/java.lang.reflect.Method.invoke(Method.java:564)\n\tat org.testng.internal.invokers.MethodInvocationHelper.invokeMethod(MethodInvocationHelper.java:136)\n\tat org.testng.internal.invokers.MethodInvocationHelper.invokeMethodConsideringTimeout(MethodInvocationHelper.java:65)\n\tat org.testng.internal.invokers.ConfigInvoker.invokeConfigurationMethod(ConfigInvoker.java:381)\n\tat org.testng.internal.invokers.ConfigInvoker.invokeConfigurations(ConfigInvoker.java:319)\n\tat org.testng.SuiteRunner.privateRun(SuiteRunner.java:368)\n\tat org.testng.SuiteRunner.run(SuiteRunner.java:326)\n\tat org.testng.SuiteRunnerWorker.runSuite(SuiteRunnerWorker.java:52)\n\tat org.testng.SuiteRunnerWorker.run(SuiteRunnerWorker.java:95)\n\tat org.testng.TestNG.runSuitesSequentially(TestNG.java:1249)\n\tat org.testng.TestNG.runSuitesLocally(TestNG.java:1169)\n\tat org.testng.TestNG.runSuites(TestNG.java:1092)\n\tat org.testng.TestNG.run(TestNG.java:1060)\n\tat org.gradle.api.internal.tasks.testing.testng.TestNGTestClassProcessor.runTests(TestNGTestClassProcessor.java:146)\n\tat org.gradle.api.internal.tasks.testing.testng.TestNGTestClassProcessor.stop(TestNGTestClassProcessor.java:91)\n\tat org.gradle.api.internal.tasks.testing.SuiteTestClassProcessor.stop(SuiteTestClassProcessor.java:62)\n\tat java.base/jdk.internal.reflect.NativeMethodAccessorImpl.invoke0(Native Method)\n\tat java.base/jdk.internal.reflect.NativeMethodAccessorImpl.invoke(NativeMethodAccessorImpl.java:64)\n\tat java.base/jdk.internal.reflect.DelegatingMethodAccessorImpl.invoke(DelegatingMethodAccessorImpl.java:43)\n\tat java.base/java.lang.reflect.Method.invoke(Method.java:564)\n\tat org.gradle.internal.dispatch.ReflectionDispatch.dispatch(ReflectionDispatch.java:36)\n\tat org.gradle.internal.dispatch.ReflectionDispatch.dispatch(ReflectionDispatch.java:24)\n\tat org.gradle.internal.dispatch.ContextClassLoaderDispatch.dispatch(ContextClassLoaderDispatch.java:33)\n\tat org.gradle.internal.dispatch.ProxyDispatchAdapter$DispatchingInvocationHandler.invoke(ProxyDispatchAdapter.java:94)\n\tat com.sun.proxy.$Proxy2.stop(Unknown Source)\n\tat org.gradle.api.internal.tasks.testing.worker.TestWorker$3.run(TestWorker.java:193)\n\tat org.gradle.api.internal.tasks.testing.worker.TestWorker.executeAndMaintainThreadName(TestWorker.java:129)\n\tat org.gradle.api.internal.tasks.testing.worker.TestWorker.execute(TestWorker.java:100)\n\tat org.gradle.api.internal.tasks.testing.worker.TestWorker.execute(TestWorker.java:60)\n\tat org.gradle.process.internal.worker.child.ActionExecutionWorker.execute(ActionExecutionWorker.java:56)\n\tat org.gradle.process.internal.worker.child.SystemApplicationClassLoaderWorker.call(SystemApplicationClassLoaderWorker.java:113)\n\tat org.gradle.process.internal.worker.child.SystemApplicationClassLoaderWorker.call(SystemApplicationClassLoaderWorker.java:65)\n\tat worker.org.gradle.process.internal.worker.GradleWorkerMain.run(GradleWorkerMain.java:69)\n\tat worker.org.gradle.process.internal.worker.GradleWorkerMain.main(GradleWorkerMain.java:74)\nCaused by: java.lang.RuntimeException: \nCan't get WebDriver: chrome\n\tat com.epam.jdi.light.common.Exceptions.exception(Exceptions.java:35)\n\tat com.epam.jdi.light.driver.WebDriverFactory.getDriver(WebDriverFactory.java:224)\n\tat com.epam.jdi.light.driver.WebDriverFactory.getDriver(WebDriverFactory.java:214)\n\t... 41 more\nCaused by: java.lang.RuntimeException: java.lang.RuntimeException: \nFailed to run downloaded driver CHROME:X64:113. Please check that your browser and driver are compatible or use local driver with 'drivers.folder' property in test.properties'.\nDriverPath: /home/runner/.cache/selenium/chromedriver/linux64/113.0.5672.63/chromedriver\n\tat com.jdiai.tools.func.JFunc1.execute(JFunc1.java:21)\n\tat com.epam.jdi.light.driver.WebDriverFactory.getDriver(WebDriverFactory.java:222)\n\t... 42 more\nCaused by: java.lang.RuntimeException: \nFailed to run downloaded driver CHROME:X64:113. Please check that your browser and driver are compatible or use local driver with 'drivers.folder' property in test.properties'.\nDriverPath: /home/runner/.cache/selenium/chromedriver/linux64/113.0.5672.63/chromedriver\n\tat com.epam.jdi.light.common.Exceptions.exception(Exceptions.java:35)\n\tat com.epam.jdi.light.driver.WebDriverFactory.getDriverException(WebDriverFactory.java:143)\n\tat com.epam.jdi.light.driver.WebDriverFactory.getDriverByName(WebDriverFactory.java:127)\n\tat com.jdiai.tools.func.JFunc1.execute(JFunc1.java:19)\n\t... 43 more\nCaused by: java.lang.RuntimeException: \nCan't run and register new driver 'chrome'\n\tat com.epam.jdi.light.common.Exceptions.exception(Exceptions.java:35)\n\tat com.epam.jdi.light.driver.WebDriverFactory.registerNewDriver(WebDriverFactory.java:90)\n\tat com.epam.jdi.light.driver.WebDriverFactory.getDriverFromName(WebDriverFactory.java:158)\n\tat com.epam.jdi.light.driver.WebDriverFactory.getDriverByName(WebDriverFactory.java:125)\n\t... 44 more\nCaused by: java.lang.RuntimeException: \nFailed to get valid driver 'chrome'\n\tat com.epam.jdi.light.common.Exceptions.runtimeException(Exceptions.java:17)\n\tat com.epam.jdi.light.driver.WebDriverFactory.getValidDriver(WebDriverFactory.java:113)\n\tat com.epam.jdi.light.driver.WebDriverFactory.registerNewDriver(WebDriverFactory.java:85)\n\t... 46 more\n","steps":[],"attachments":[],"parameters":[],"stepsCount":0,"attachmentsCount":0,"shouldDisplayMessage":true,"hasContent":true}],"afterStages":[{"name":"teardown","time":{"start":1691806589732,"stop":1691806589753,"duration":21},"description":"","status":"passed","steps":[],"attachments":[],"parameters":[],"stepsCount":0,"attachmentsCount":0,"shouldDisplayMessage":false,"hasContent":false}],"labels":[{"name":"package","value":"org.mytests.tests.example.DataTableInteractTests"},{"name":"testClass","value":"org.mytests.tests.example.DataTableInteractTests"},{"name":"testMethod","value":"setUp"},{"name":"parentSuite","value":"Gradle suite"},{"name":"suite","value":"Gradle test"},{"name":"subSuite","value":"org.mytests.tests.example.DataTableInteractTests"},{"name":"host","value":"fv-az444-773"},{"name":"thread","value":"2260@fv-az444-773.Test worker(1)"},{"name":"framework","value":"testng"},{"name":"language","value":"java"},{"name":"AS_ID","value":"-1"},{"name":"resultFormat","value":"allure2"}],"parameters":[],"links":[],"hidden":false,"retry":false,"extra":{"severity":"normal","retries":[],"categories":[{"name":"Test defects","matchedStatuses":[],"flaky":false}],"history":{"statistic":{"failed":0,"broken":3,"skipped":0,"passed":0,"unknown":0,"total":3},"items":[{"uid":"b2ae1f7a1202f5f0","reportUrl":"https://jdi-templates.github.io/jdi-gradle-template/10//#testresult/b2ae1f7a1202f5f0","status":"broken","statusDetails":"\nCan't get WebDriver: chrome","time":{"start":1681361782927,"stop":1681361782935,"duration":8}},{"uid":"45740b1c0dd5cb4a","reportUrl":"https://jdi-templates.github.io/jdi-gradle-template/10//#testresult/45740b1c0dd5cb4a","status":"broken","statusDetails":"\nCan't get WebDriver: chrome","time":{"start":1681361759021,"stop":1681361759023,"duration":2}}]},"tags":[]},"source":"cb7be08b4746e8f9.json","parameterValues":[]}