{"uid":"e9e4a5e0559fbc4c","name":"fillContactFormTest","fullName":"org.mytests.tests.example.FormTests.fillContactFormTest","historyId":"8e41cf811ea4cbd476913f3a9fb7c08c","time":{"start":1692297821343,"stop":1692297821343,"duration":0},"status":"skipped","statusMessage":"\nCan't get WebDriver: chrome","statusTrace":"java.lang.RuntimeException: \nCan't get WebDriver: chrome\n\tat com.epam.jdi.light.common.Exceptions.exception(Exceptions.java:35)\n\tat com.epam.jdi.light.driver.WebDriverFactory.getDriver(WebDriverFactory.java:216)\n\tat com.epam.jdi.light.elements.common.WindowsManager.setWindowName(WindowsManager.java:87)\n\tat com.epam.jdi.light.elements.common.WindowsManager.openSiteTab(WindowsManager.java:51)\n\tat com.epam.jdi.light.elements.composite.WebPage.openSite(WebPage.java:153)\n\tat org.mytests.tests.TestsInit.setUp(TestsInit.java:17)\n\tat sun.reflect.NativeMethodAccessorImpl.invoke0(Native Method)\n\tat sun.reflect.NativeMethodAccessorImpl.invoke(NativeMethodAccessorImpl.java:62)\n\tat sun.reflect.DelegatingMethodAccessorImpl.invoke(DelegatingMethodAccessorImpl.java:43)\n\tat java.lang.reflect.Method.invoke(Method.java:498)\n\tat org.testng.internal.invokers.MethodInvocationHelper.invokeMethod(MethodInvocationHelper.java:136)\n\tat org.testng.internal.invokers.MethodInvocationHelper.invokeMethodConsideringTimeout(MethodInvocationHelper.java:65)\n\tat org.testng.internal.invokers.ConfigInvoker.invokeConfigurationMethod(ConfigInvoker.java:381)\n\tat org.testng.internal.invokers.ConfigInvoker.invokeConfigurations(ConfigInvoker.java:319)\n\tat org.testng.SuiteRunner.privateRun(SuiteRunner.java:368)\n\tat org.testng.SuiteRunner.run(SuiteRunner.java:326)\n\tat org.testng.SuiteRunnerWorker.runSuite(SuiteRunnerWorker.java:52)\n\tat org.testng.SuiteRunnerWorker.run(SuiteRunnerWorker.java:95)\n\tat org.testng.TestNG.runSuitesSequentially(TestNG.java:1249)\n\tat org.testng.TestNG.runSuitesLocally(TestNG.java:1169)\n\tat org.testng.TestNG.runSuites(TestNG.java:1092)\n\tat org.testng.TestNG.run(TestNG.java:1060)\n\tat org.gradle.api.internal.tasks.testing.testng.TestNGTestClassProcessor.runTests(TestNGTestClassProcessor.java:146)\n\tat org.gradle.api.internal.tasks.testing.testng.TestNGTestClassProcessor.stop(TestNGTestClassProcessor.java:91)\n\tat org.gradle.api.internal.tasks.testing.SuiteTestClassProcessor.stop(SuiteTestClassProcessor.java:62)\n\tat sun.reflect.NativeMethodAccessorImpl.invoke0(Native Method)\n\tat sun.reflect.NativeMethodAccessorImpl.invoke(NativeMethodAccessorImpl.java:62)\n\tat sun.reflect.DelegatingMethodAccessorImpl.invoke(DelegatingMethodAccessorImpl.java:43)\n\tat java.lang.reflect.Method.invoke(Method.java:498)\n\tat org.gradle.internal.dispatch.ReflectionDispatch.dispatch(ReflectionDispatch.java:36)\n\tat org.gradle.internal.dispatch.ReflectionDispatch.dispatch(ReflectionDispatch.java:24)\n\tat org.gradle.internal.dispatch.ContextClassLoaderDispatch.dispatch(ContextClassLoaderDispatch.java:33)\n\tat org.gradle.internal.dispatch.ProxyDispatchAdapter$DispatchingInvocationHandler.invoke(ProxyDispatchAdapter.java:94)\n\tat com.sun.proxy.$Proxy2.stop(Unknown Source)\n\tat org.gradle.api.internal.tasks.testing.worker.TestWorker$3.run(TestWorker.java:193)\n\tat org.gradle.api.internal.tasks.testing.worker.TestWorker.executeAndMaintainThreadName(TestWorker.java:129)\n\tat org.gradle.api.internal.tasks.testing.worker.TestWorker.execute(TestWorker.java:100)\n\tat org.gradle.api.internal.tasks.testing.worker.TestWorker.execute(TestWorker.java:60)\n\tat org.gradle.process.internal.worker.child.ActionExecutionWorker.execute(ActionExecutionWorker.java:56)\n\tat org.gradle.process.internal.worker.child.SystemApplicationClassLoaderWorker.call(SystemApplicationClassLoaderWorker.java:113)\n\tat org.gradle.process.internal.worker.child.SystemApplicationClassLoaderWorker.call(SystemApplicationClassLoaderWorker.java:65)\n\tat worker.org.gradle.process.internal.worker.GradleWorkerMain.run(GradleWorkerMain.java:69)\n\tat worker.org.gradle.process.internal.worker.GradleWorkerMain.main(GradleWorkerMain.java:74)\nCaused by: java.lang.RuntimeException: \nCan't get WebDriver: chrome\n\tat com.epam.jdi.light.common.Exceptions.exception(Exceptions.java:35)\n\tat com.epam.jdi.light.driver.WebDriverFactory.getDriver(WebDriverFactory.java:224)\n\tat com.epam.jdi.light.driver.WebDriverFactory.getDriver(WebDriverFactory.java:214)\n\t... 41 more\nCaused by: java.lang.RuntimeException: java.lang.RuntimeException: \nFailed to run downloaded driver CHROME:X64:113. Please check that your browser and driver are compatible or use local driver with 'drivers.folder' property in test.properties'.\nDriverPath: /home/runner/.cache/selenium/chromedriver/linux64/113.0.5672.63/chromedriver\n\tat com.jdiai.tools.func.JFunc1.execute(JFunc1.java:21)\n\tat com.epam.jdi.light.driver.WebDriverFactory.getDriver(WebDriverFactory.java:222)\n\t... 42 more\nCaused by: java.lang.RuntimeException: \nFailed to run downloaded driver CHROME:X64:113. Please check that your browser and driver are compatible or use local driver with 'drivers.folder' property in test.properties'.\nDriverPath: /home/runner/.cache/selenium/chromedriver/linux64/113.0.5672.63/chromedriver\n\tat com.epam.jdi.light.common.Exceptions.exception(Exceptions.java:35)\n\tat com.epam.jdi.light.driver.WebDriverFactory.getDriverException(WebDriverFactory.java:143)\n\tat com.epam.jdi.light.driver.WebDriverFactory.getDriverByName(WebDriverFactory.java:127)\n\tat com.jdiai.tools.func.JFunc1.execute(JFunc1.java:19)\n\t... 43 more\nCaused by: java.lang.RuntimeException: \nCan't run and register new driver 'chrome'\n\tat com.epam.jdi.light.common.Exceptions.exception(Exceptions.java:35)\n\tat com.epam.jdi.light.driver.WebDriverFactory.registerNewDriver(WebDriverFactory.java:90)\n\tat com.epam.jdi.light.driver.WebDriverFactory.getDriverFromName(WebDriverFactory.java:158)\n\tat com.epam.jdi.light.driver.WebDriverFactory.getDriverByName(WebDriverFactory.java:125)\n\t... 44 more\nCaused by: java.lang.RuntimeException: \nFailed to get valid driver 'chrome'\n\tat com.epam.jdi.light.common.Exceptions.runtimeException(Exceptions.java:17)\n\tat com.epam.jdi.light.driver.WebDriverFactory.getValidDriver(WebDriverFactory.java:113)\n\tat com.epam.jdi.light.driver.WebDriverFactory.registerNewDriver(WebDriverFactory.java:85)\n\t... 46 more\n","flaky":false,"newFailed":false,"newBroken":false,"newPassed":false,"retriesCount":0,"retriesStatusChange":false,"beforeStages":[{"name":"setUp","time":{"start":1692297817580,"stop":1692297821043,"duration":3463},"description":"","status":"broken","statusMessage":"\nCan't get WebDriver: chrome","statusTrace":"java.lang.RuntimeException: \nCan't get WebDriver: chrome\n\tat com.epam.jdi.light.common.Exceptions.exception(Exceptions.java:35)\n\tat com.epam.jdi.light.driver.WebDriverFactory.getDriver(WebDriverFactory.java:216)\n\tat com.epam.jdi.light.elements.common.WindowsManager.setWindowName(WindowsManager.java:87)\n\tat com.epam.jdi.light.elements.common.WindowsManager.openSiteTab(WindowsManager.java:51)\n\tat com.epam.jdi.light.elements.composite.WebPage.openSite(WebPage.java:153)\n\tat org.mytests.tests.TestsInit.setUp(TestsInit.java:17)\n\tat sun.reflect.NativeMethodAccessorImpl.invoke0(Native Method)\n\tat sun.reflect.NativeMethodAccessorImpl.invoke(NativeMethodAccessorImpl.java:62)\n\tat sun.reflect.DelegatingMethodAccessorImpl.invoke(DelegatingMethodAccessorImpl.java:43)\n\tat java.lang.reflect.Method.invoke(Method.java:498)\n\tat org.testng.internal.invokers.MethodInvocationHelper.invokeMethod(MethodInvocationHelper.java:136)\n\tat org.testng.internal.invokers.MethodInvocationHelper.invokeMethodConsideringTimeout(MethodInvocationHelper.java:65)\n\tat org.testng.internal.invokers.ConfigInvoker.invokeConfigurationMethod(ConfigInvoker.java:381)\n\tat org.testng.internal.invokers.ConfigInvoker.invokeConfigurations(ConfigInvoker.java:319)\n\tat org.testng.SuiteRunner.privateRun(SuiteRunner.java:368)\n\tat org.testng.SuiteRunner.run(SuiteRunner.java:326)\n\tat org.testng.SuiteRunnerWorker.runSuite(SuiteRunnerWorker.java:52)\n\tat org.testng.SuiteRunnerWorker.run(SuiteRunnerWorker.java:95)\n\tat org.testng.TestNG.runSuitesSequentially(TestNG.java:1249)\n\tat org.testng.TestNG.runSuitesLocally(TestNG.java:1169)\n\tat org.testng.TestNG.runSuites(TestNG.java:1092)\n\tat org.testng.TestNG.run(TestNG.java:1060)\n\tat org.gradle.api.internal.tasks.testing.testng.TestNGTestClassProcessor.runTests(TestNGTestClassProcessor.java:146)\n\tat org.gradle.api.internal.tasks.testing.testng.TestNGTestClassProcessor.stop(TestNGTestClassProcessor.java:91)\n\tat org.gradle.api.internal.tasks.testing.SuiteTestClassProcessor.stop(SuiteTestClassProcessor.java:62)\n\tat sun.reflect.NativeMethodAccessorImpl.invoke0(Native Method)\n\tat sun.reflect.NativeMethodAccessorImpl.invoke(NativeMethodAccessorImpl.java:62)\n\tat sun.reflect.DelegatingMethodAccessorImpl.invoke(DelegatingMethodAccessorImpl.java:43)\n\tat java.lang.reflect.Method.invoke(Method.java:498)\n\tat org.gradle.internal.dispatch.ReflectionDispatch.dispatch(ReflectionDispatch.java:36)\n\tat org.gradle.internal.dispatch.ReflectionDispatch.dispatch(ReflectionDispatch.java:24)\n\tat org.gradle.internal.dispatch.ContextClassLoaderDispatch.dispatch(ContextClassLoaderDispatch.java:33)\n\tat org.gradle.internal.dispatch.ProxyDispatchAdapter$DispatchingInvocationHandler.invoke(ProxyDispatchAdapter.java:94)\n\tat com.sun.proxy.$Proxy2.stop(Unknown Source)\n\tat org.gradle.api.internal.tasks.testing.worker.TestWorker$3.run(TestWorker.java:193)\n\tat org.gradle.api.internal.tasks.testing.worker.TestWorker.executeAndMaintainThreadName(TestWorker.java:129)\n\tat org.gradle.api.internal.tasks.testing.worker.TestWorker.execute(TestWorker.java:100)\n\tat org.gradle.api.internal.tasks.testing.worker.TestWorker.execute(TestWorker.java:60)\n\tat org.gradle.process.internal.worker.child.ActionExecutionWorker.execute(ActionExecutionWorker.java:56)\n\tat org.gradle.process.internal.worker.child.SystemApplicationClassLoaderWorker.call(SystemApplicationClassLoaderWorker.java:113)\n\tat org.gradle.process.internal.worker.child.SystemApplicationClassLoaderWorker.call(SystemApplicationClassLoaderWorker.java:65)\n\tat worker.org.gradle.process.internal.worker.GradleWorkerMain.run(GradleWorkerMain.java:69)\n\tat worker.org.gradle.process.internal.worker.GradleWorkerMain.main(GradleWorkerMain.java:74)\nCaused by: java.lang.RuntimeException: \nCan't get WebDriver: chrome\n\tat com.epam.jdi.light.common.Exceptions.exception(Exceptions.java:35)\n\tat com.epam.jdi.light.driver.WebDriverFactory.getDriver(WebDriverFactory.java:224)\n\tat com.epam.jdi.light.driver.WebDriverFactory.getDriver(WebDriverFactory.java:214)\n\t... 41 more\nCaused by: java.lang.RuntimeException: java.lang.RuntimeException: \nFailed to run downloaded driver CHROME:X64:113. Please check that your browser and driver are compatible or use local driver with 'drivers.folder' property in test.properties'.\nDriverPath: /home/runner/.cache/selenium/chromedriver/linux64/113.0.5672.63/chromedriver\n\tat com.jdiai.tools.func.JFunc1.execute(JFunc1.java:21)\n\tat com.epam.jdi.light.driver.WebDriverFactory.getDriver(WebDriverFactory.java:222)\n\t... 42 more\nCaused by: java.lang.RuntimeException: \nFailed to run downloaded driver CHROME:X64:113. Please check that your browser and driver are compatible or use local driver with 'drivers.folder' property in test.properties'.\nDriverPath: /home/runner/.cache/selenium/chromedriver/linux64/113.0.5672.63/chromedriver\n\tat com.epam.jdi.light.common.Exceptions.exception(Exceptions.java:35)\n\tat com.epam.jdi.light.driver.WebDriverFactory.getDriverException(WebDriverFactory.java:143)\n\tat com.epam.jdi.light.driver.WebDriverFactory.getDriverByName(WebDriverFactory.java:127)\n\tat com.jdiai.tools.func.JFunc1.execute(JFunc1.java:19)\n\t... 43 more\nCaused by: java.lang.RuntimeException: \nCan't run and register new driver 'chrome'\n\tat com.epam.jdi.light.common.Exceptions.exception(Exceptions.java:35)\n\tat com.epam.jdi.light.driver.WebDriverFactory.registerNewDriver(WebDriverFactory.java:90)\n\tat com.epam.jdi.light.driver.WebDriverFactory.getDriverFromName(WebDriverFactory.java:158)\n\tat com.epam.jdi.light.driver.WebDriverFactory.getDriverByName(WebDriverFactory.java:125)\n\t... 44 more\nCaused by: java.lang.RuntimeException: \nFailed to get valid driver 'chrome'\n\tat com.epam.jdi.light.common.Exceptions.runtimeException(Exceptions.java:17)\n\tat com.epam.jdi.light.driver.WebDriverFactory.getValidDriver(WebDriverFactory.java:113)\n\tat com.epam.jdi.light.driver.WebDriverFactory.registerNewDriver(WebDriverFactory.java:85)\n\t... 46 more\n","steps":[],"attachments":[],"parameters":[],"stepsCount":0,"attachmentsCount":0,"shouldDisplayMessage":true,"hasContent":true}],"afterStages":[{"name":"teardown","time":{"start":1692297821412,"stop":1692297821434,"duration":22},"description":"","status":"passed","steps":[],"attachments":[],"parameters":[],"stepsCount":0,"attachmentsCount":0,"shouldDisplayMessage":false,"hasContent":false}],"labels":[{"name":"package","value":"org.mytests.tests.example.FormTests"},{"name":"testClass","value":"org.mytests.tests.example.FormTests"},{"name":"testMethod","value":"fillContactFormTest"},{"name":"parentSuite","value":"Gradle suite"},{"name":"suite","value":"Gradle test"},{"name":"subSuite","value":"org.mytests.tests.example.FormTests"},{"name":"host","value":"fv-az174-777"},{"name":"thread","value":"2287@fv-az174-777.Test worker(1)"},{"name":"framework","value":"testng"},{"name":"language","value":"java"},{"name":"resultFormat","value":"allure2"}],"parameters":[],"links":[],"hidden":false,"retry":false,"extra":{"severity":"normal","retries":[],"categories":[],"history":{"statistic":{"failed":0,"broken":0,"skipped":5,"passed":11,"unknown":0,"total":16},"items":[{"uid":"640fa3febc89022a","reportUrl":"https://jdi-templates.github.io/jdi-gradle-template/11//#testresult/640fa3febc89022a","status":"skipped","statusDetails":"\nCan't get WebDriver: chrome","time":{"start":1691806604818,"stop":1691806604822,"duration":4}},{"uid":"173ae31ab9a96eb8","reportUrl":"https://jdi-templates.github.io/jdi-gradle-template/11//#testresult/173ae31ab9a96eb8","status":"skipped","statusDetails":"\nCan't get WebDriver: chrome","time":{"start":1691806589681,"stop":1691806589682,"duration":1}},{"uid":"8edb8253b470b9e3","reportUrl":"https://jdi-templates.github.io/jdi-gradle-template/10//#testresult/8edb8253b470b9e3","status":"skipped","statusDetails":"\nCan't get WebDriver: chrome","time":{"start":1681361783277,"stop":1681361783286,"duration":9}},{"uid":"f8db1caf3138ab34","reportUrl":"https://jdi-templates.github.io/jdi-gradle-template/10//#testresult/f8db1caf3138ab34","status":"skipped","statusDetails":"\nCan't get WebDriver: chrome","time":{"start":1681361759329,"stop":1681361759331,"duration":2}},{"uid":"c0e7d332b0af59b1","reportUrl":"https://jdi-templates.github.io/jdi-gradle-template/9//#testresult/c0e7d332b0af59b1","status":"passed","time":{"start":1676606832810,"stop":1676606841607,"duration":8797}},{"uid":"7f08dd56a12800cb","reportUrl":"https://jdi-templates.github.io/jdi-gradle-template/9//#testresult/7f08dd56a12800cb","status":"passed","time":{"start":1676606796965,"stop":1676606803502,"duration":6537}},{"uid":"b73f80beb74ea061","reportUrl":"https://jdi-templates.github.io/jdi-gradle-template/8//#testresult/b73f80beb74ea061","status":"passed","time":{"start":1676499466579,"stop":1676499474721,"duration":8142}},{"uid":"1443b1df74f1f407","reportUrl":"https://jdi-templates.github.io/jdi-gradle-template/7//#testresult/1443b1df74f1f407","status":"passed","time":{"start":1673970501568,"stop":1673970511891,"duration":10323}},{"uid":"26f392d46a5abbfd","reportUrl":"https://jdi-templates.github.io/jdi-gradle-template/7//#testresult/26f392d46a5abbfd","status":"passed","time":{"start":1673970465292,"stop":1673970472712,"duration":7420}},{"uid":"e881469e59a4ce7e","reportUrl":"https://jdi-templates.github.io/jdi-gradle-template/6//#testresult/e881469e59a4ce7e","status":"passed","time":{"start":1672891811336,"stop":1672891819947,"duration":8611}},{"uid":"66430d6e17b6bb5a","reportUrl":"https://jdi-templates.github.io/jdi-gradle-template/6//#testresult/66430d6e17b6bb5a","status":"passed","time":{"start":1672891779265,"stop":1672891786434,"duration":7169}},{"uid":"9be3a7b13c4a5256","reportUrl":"https://jdi-templates.github.io/jdi-gradle-template/5//#testresult/9be3a7b13c4a5256","status":"passed","time":{"start":1672891730207,"stop":1672891736742,"duration":6535}},{"uid":"a1e2ec681f49b27","reportUrl":"https://jdi-templates.github.io/jdi-gradle-template/4//#testresult/a1e2ec681f49b27","status":"passed","time":{"start":1672891470872,"stop":1672891480309,"duration":9437}},{"uid":"757423d9d8363e09","reportUrl":"https://jdi-templates.github.io/jdi-gradle-template/4//#testresult/757423d9d8363e09","status":"passed","time":{"start":1672891433588,"stop":1672891440579,"duration":6991}},{"uid":"d1f58887472bef85","reportUrl":"https://jdi-templates.github.io/jdi-gradle-template/3//#testresult/d1f58887472bef85","status":"passed","time":{"start":1672891060356,"stop":1672891069015,"duration":8659}}]},"tags":[]},"source":"e9e4a5e0559fbc4c.json","parameterValues":[]}